<?xml version="1.0" encoding="UTF-8"?>
<testng-results skipped="3" failed="0" total="3" passed="0">
  <reporter-output>
  </reporter-output>
  <suite name="Default suite" duration-ms="84" started-at="2018-11-09T06:47:10Z" finished-at="2018-11-09T06:47:11Z">
    <groups>
    </groups>
    <test name="Default test" duration-ms="84" started-at="2018-11-09T06:47:10Z" finished-at="2018-11-09T06:47:11Z">
      <class name="com.crm.qa.testcases.HomePageTest">
        <test-method status="FAIL" signature="setUp()[pri:0, instance:com.crm.qa.testcases.HomePageTest@548a9f61]" name="setUp" is-config="true" duration-ms="0" started-at="2018-11-09T12:17:10Z" finished-at="2018-11-09T12:17:10Z">
          <exception class="java.lang.NullPointerException">
            <full-stacktrace>
              <![CDATA[java.lang.NullPointerException
	at com.crm.qa.base.TestBase.initilization(TestBase.java:48)
	at com.crm.qa.testcases.HomePageTest.setUp(HomePageTest.java:29)
	at sun.reflect.NativeMethodAccessorImpl.invoke0(Native Method)
	at sun.reflect.NativeMethodAccessorImpl.invoke(Unknown Source)
	at sun.reflect.DelegatingMethodAccessorImpl.invoke(Unknown Source)
	at java.lang.reflect.Method.invoke(Unknown Source)
	at org.testng.internal.MethodInvocationHelper.invokeMethod(MethodInvocationHelper.java:84)
	at org.testng.internal.Invoker.invokeConfigurationMethod(Invoker.java:564)
	at org.testng.internal.Invoker.invokeConfigurations(Invoker.java:213)
	at org.testng.internal.Invoker.invokeMethod(Invoker.java:653)
	at org.testng.internal.Invoker.invokeTestMethod(Invoker.java:901)
	at org.testng.internal.Invoker.invokeTestMethods(Invoker.java:1231)
	at org.testng.internal.TestMethodWorker.invokeTestMethods(TestMethodWorker.java:127)
	at org.testng.internal.TestMethodWorker.run(TestMethodWorker.java:111)
	at org.testng.TestRunner.privateRun(TestRunner.java:767)
	at org.testng.TestRunner.run(TestRunner.java:617)
	at org.testng.SuiteRunner.runTest(SuiteRunner.java:348)
	at org.testng.SuiteRunner.runSequentially(SuiteRunner.java:343)
	at org.testng.SuiteRunner.privateRun(SuiteRunner.java:305)
	at org.testng.SuiteRunner.run(SuiteRunner.java:254)
	at org.testng.SuiteRunnerWorker.runSuite(SuiteRunnerWorker.java:52)
	at org.testng.SuiteRunnerWorker.run(SuiteRunnerWorker.java:86)
	at org.testng.TestNG.runSuitesSequentially(TestNG.java:1224)
	at org.testng.TestNG.runSuitesLocally(TestNG.java:1149)
	at org.testng.TestNG.run(TestNG.java:1057)
	at org.testng.remote.AbstractRemoteTestNG.run(AbstractRemoteTestNG.java:114)
	at org.testng.remote.RemoteTestNG.initAndRun(RemoteTestNG.java:251)
	at org.testng.remote.RemoteTestNG.main(RemoteTestNG.java:77)
]]>
            </full-stacktrace>
          </exception> <!-- java.lang.NullPointerException -->
          <reporter-output>
          </reporter-output>
        </test-method> <!-- setUp -->
        <test-method status="SKIP" signature="verifyHomePageTitleTest()[pri:0, instance:com.crm.qa.testcases.HomePageTest@548a9f61]" name="verifyHomePageTitleTest" duration-ms="2" started-at="2018-11-09T12:17:11Z" finished-at="2018-11-09T12:17:11Z">
          <reporter-output>
          </reporter-output>
        </test-method> <!-- verifyHomePageTitleTest -->
        <test-method status="SKIP" signature="teardown()[pri:0, instance:com.crm.qa.testcases.HomePageTest@548a9f61]" name="teardown" is-config="true" duration-ms="0" started-at="2018-11-09T12:17:11Z" finished-at="2018-11-09T12:17:11Z">
          <reporter-output>
          </reporter-output>
        </test-method> <!-- teardown -->
        <test-method status="SKIP" signature="setUp()[pri:0, instance:com.crm.qa.testcases.HomePageTest@548a9f61]" name="setUp" is-config="true" duration-ms="0" started-at="2018-11-09T12:17:11Z" finished-at="2018-11-09T12:17:11Z">
          <reporter-output>
          </reporter-output>
        </test-method> <!-- setUp -->
        <test-method status="SKIP" signature="verifyUserNameTest()[pri:0, instance:com.crm.qa.testcases.HomePageTest@548a9f61]" name="verifyUserNameTest" duration-ms="2" started-at="2018-11-09T12:17:11Z" finished-at="2018-11-09T12:17:11Z">
          <reporter-output>
          </reporter-output>
        </test-method> <!-- verifyUserNameTest -->
        <test-method status="SKIP" signature="teardown()[pri:0, instance:com.crm.qa.testcases.HomePageTest@548a9f61]" name="teardown" is-config="true" duration-ms="0" started-at="2018-11-09T12:17:11Z" finished-at="2018-11-09T12:17:11Z">
          <reporter-output>
          </reporter-output>
        </test-method> <!-- teardown -->
        <test-method status="SKIP" signature="setUp()[pri:0, instance:com.crm.qa.testcases.HomePageTest@548a9f61]" name="setUp" is-config="true" duration-ms="0" started-at="2018-11-09T12:17:11Z" finished-at="2018-11-09T12:17:11Z">
          <reporter-output>
          </reporter-output>
        </test-method> <!-- setUp -->
        <test-method status="SKIP" signature="verifyContactsLinkTest()[pri:0, instance:com.crm.qa.testcases.HomePageTest@548a9f61]" name="verifyContactsLinkTest" duration-ms="2" started-at="2018-11-09T12:17:11Z" finished-at="2018-11-09T12:17:11Z">
          <reporter-output>
          </reporter-output>
        </test-method> <!-- verifyContactsLinkTest -->
        <test-method status="SKIP" signature="teardown()[pri:0, instance:com.crm.qa.testcases.HomePageTest@548a9f61]" name="teardown" is-config="true" duration-ms="0" started-at="2018-11-09T12:17:11Z" finished-at="2018-11-09T12:17:11Z">
          <reporter-output>
          </reporter-output>
        </test-method> <!-- teardown -->
      </class> <!-- com.crm.qa.testcases.HomePageTest -->
    </test> <!-- Default test -->
  </suite> <!-- Default suite -->
</testng-results>
